# JRE version: Java(TM) SE Runtime Environment (8.0_131-b11) (build 1.8.0_131-b11)
# Java VM: Java HotSpot(TM) 64-Bit Server VM (25.131-b11 mixed mode windows-amd64 compressed oops)
Heap:
 PSYoungGen      total 102400K, used 15799K [0x00000000eb180000, 0x00000000f2100000, 0x0000000100000000)
  eden space 91136K, 17% used [0x00000000eb180000,0x00000000ec0eddd0,0x00000000f0a80000)
  from space 11264K, 0% used [0x00000000f1500000,0x00000000f1500000,0x00000000f2000000)
  to   space 10752K, 0% used [0x00000000f0a80000,0x00000000f0a80000,0x00000000f1500000)
 ParOldGen       total 34816K, used 18458K [0x00000000c1400000, 0x00000000c3600000, 0x00000000eb180000)
  object space 34816K, 53% used [0x00000000c1400000,0x00000000c2606bf8,0x00000000c3600000)
 Metaspace       used 35954K, capacity 37544K, committed 37888K, reserved 1081344K
  class space    used 4705K, capacity 5012K, committed 5120K, reserved 1048576K
GC Heap History (10 events):
Event: 12.025 GC heap before
{Heap before GC invocations=8 (full 1):
 PSYoungGen      total 70656K, used 64512K [0x00000000eb180000, 0x00000000eff80000, 0x0000000100000000)
  eden space 64512K, 100% used [0x00000000eb180000,0x00000000ef080000,0x00000000ef080000)
  from space 6144K, 0% used [0x00000000ef780000,0x00000000ef780000,0x00000000efd80000)
  to   space 7168K, 0% used [0x00000000ef080000,0x00000000ef080000,0x00000000ef780000)
 ParOldGen       total 34816K, used 10438K [0x00000000c1400000, 0x00000000c3600000, 0x00000000eb180000)
  object space 34816K, 29% used [0x00000000c1400000,0x00000000c1e31938,0x00000000c3600000)
 Metaspace       used 23375K, capacity 24190K, committed 24448K, reserved 1071104K
  class space    used 3127K, capacity 3347K, committed 3456K, reserved 1048576K
Event: 12.042 GC heap after
Heap after GC invocations=8 (full 1):
 PSYoungGen      total 71680K, used 5533K [0x00000000eb180000, 0x00000000eff80000, 0x0000000100000000)
  eden space 64512K, 0% used [0x00000000eb180000,0x00000000eb180000,0x00000000ef080000)
  from space 7168K, 77% used [0x00000000ef080000,0x00000000ef5e7690,0x00000000ef780000)
  to   space 6144K, 0% used [0x00000000ef780000,0x00000000ef780000,0x00000000efd80000)
 ParOldGen       total 34816K, used 10510K [0x00000000c1400000, 0x00000000c3600000, 0x00000000eb180000)
  object space 34816K, 30% used [0x00000000c1400000,0x00000000c1e43948,0x00000000c3600000)
 Metaspace       used 23375K, capacity 24190K, committed 24448K, reserved 1071104K
  class space    used 3127K, capacity 3347K, committed 3456K, reserved 1048576K
}
Event: 13.964 GC heap before
{Heap before GC invocations=9 (full 1):
 PSYoungGen      total 71680K, used 70045K [0x00000000eb180000, 0x00000000eff80000, 0x0000000100000000)
  eden space 64512K, 100% used [0x00000000eb180000,0x00000000ef080000,0x00000000ef080000)
  from space 7168K, 77% used [0x00000000ef080000,0x00000000ef5e7690,0x00000000ef780000)
  to   space 6144K, 0% used [0x00000000ef780000,0x00000000ef780000,0x00000000efd80000)
 ParOldGen       total 34816K, used 10510K [0x00000000c1400000, 0x00000000c3600000, 0x00000000eb180000)
  object space 34816K, 30% used [0x00000000c1400000,0x00000000c1e43948,0x00000000c3600000)
 Metaspace       used 27290K, capacity 28392K, committed 28544K, reserved 1073152K
  class space    used 3691K, capacity 3952K, committed 3968K, reserved 1048576K
Event: 13.984 GC heap after
Heap after GC invocations=9 (full 1):
 PSYoungGen      total 70656K, used 6113K [0x00000000eb180000, 0x00000000eff80000, 0x0000000100000000)
  eden space 64512K, 0% used [0x00000000eb180000,0x00000000eb180000,0x00000000ef080000)
  from space 6144K, 99% used [0x00000000ef780000,0x00000000efd78408,0x00000000efd80000)
  to   space 7168K, 0% used [0x00000000ef080000,0x00000000ef080000,0x00000000ef780000)
 ParOldGen       total 34816K, used 13235K [0x00000000c1400000, 0x00000000c3600000, 0x00000000eb180000)
  object space 34816K, 38% used [0x00000000c1400000,0x00000000c20eced0,0x00000000c3600000)
 Metaspace       used 27290K, capacity 28392K, committed 28544K, reserved 1073152K
  class space    used 3691K, capacity 3952K, committed 3968K, reserved 1048576K
}
Event: 15.866 GC heap before
{Heap before GC invocations=10 (full 1):
 PSYoungGen      total 70656K, used 70625K [0x00000000eb180000, 0x00000000eff80000, 0x0000000100000000)
  eden space 64512K, 100% used [0x00000000eb180000,0x00000000ef080000,0x00000000ef080000)
  from space 6144K, 99% used [0x00000000ef780000,0x00000000efd78408,0x00000000efd80000)
  to   space 7168K, 0% used [0x00000000ef080000,0x00000000ef080000,0x00000000ef780000)
 ParOldGen       total 34816K, used 13235K [0x00000000c1400000, 0x00000000c3600000, 0x00000000eb180000)
  object space 34816K, 38% used [0x00000000c1400000,0x00000000c20eced0,0x00000000c3600000)
 Metaspace       used 31969K, capacity 33526K, committed 33536K, reserved 1079296K
  class space    used 4269K, capacity 4603K, committed 4608K, reserved 1048576K
Event: 15.890 GC heap after
Heap after GC invocations=10 (full 1):
 PSYoungGen      total 71680K, used 7137K [0x00000000eb180000, 0x00000000f2000000, 0x0000000100000000)
  eden space 64512K, 0% used [0x00000000eb180000,0x00000000eb180000,0x00000000ef080000)
  from space 7168K, 99% used [0x00000000ef080000,0x00000000ef778518,0x00000000ef780000)
  to   space 11264K, 0% used [0x00000000f1500000,0x00000000f1500000,0x00000000f2000000)
 ParOldGen       total 34816K, used 18088K [0x00000000c1400000, 0x00000000c3600000, 0x00000000eb180000)
  object space 34816K, 51% used [0x00000000c1400000,0x00000000c25aa0f0,0x00000000c3600000)
 Metaspace       used 31969K, capacity 33526K, committed 33536K, reserved 1079296K
  class space    used 4269K, capacity 4603K, committed 4608K, reserved 1048576K
}
Event: 16.388 GC heap before
{Heap before GC invocations=11 (full 1):
 PSYoungGen      total 71680K, used 27431K [0x00000000eb180000, 0x00000000f2000000, 0x0000000100000000)
  eden space 64512K, 31% used [0x00000000eb180000,0x00000000ec5518f0,0x00000000ef080000)
  from space 7168K, 99% used [0x00000000ef080000,0x00000000ef778518,0x00000000ef780000)
  to   space 11264K, 0% used [0x00000000f1500000,0x00000000f1500000,0x00000000f2000000)
 ParOldGen       total 34816K, used 18088K [0x00000000c1400000, 0x00000000c3600000, 0x00000000eb180000)
  object space 34816K, 51% used [0x00000000c1400000,0x00000000c25aa0f0,0x00000000c3600000)
 Metaspace       used 33712K, capacity 35316K, committed 35496K, reserved 1079296K
  class space    used 4417K, capacity 4744K, committed 4864K, reserved 1048576K
Event: 16.414 GC heap after
Heap after GC invocations=11 (full 1):
 PSYoungGen      total 102400K, used 4192K [0x00000000eb180000, 0x00000000f2100000, 0x0000000100000000)
  eden space 91136K, 0% used [0x00000000eb180000,0x00000000eb180000,0x00000000f0a80000)
  from space 11264K, 37% used [0x00000000f1500000,0x00000000f1918358,0x00000000f2000000)
  to   space 10752K, 0% used [0x00000000f0a80000,0x00000000f0a80000,0x00000000f1500000)
 ParOldGen       total 34816K, used 22708K [0x00000000c1400000, 0x00000000c3600000, 0x00000000eb180000)
  object space 34816K, 65% used [0x00000000c1400000,0x00000000c2a2d150,0x00000000c3600000)
 Metaspace       used 33712K, capacity 35316K, committed 35496K, reserved 1079296K
  class space    used 4417K, capacity 4744K, committed 4864K, reserved 1048576K
}
Event: 16.414 GC heap before
{Heap before GC invocations=12 (full 2):
 PSYoungGen      total 102400K, used 4192K [0x00000000eb180000, 0x00000000f2100000, 0x0000000100000000)
  eden space 91136K, 0% used [0x00000000eb180000,0x00000000eb180000,0x00000000f0a80000)
  from space 11264K, 37% used [0x00000000f1500000,0x00000000f1918358,0x00000000f2000000)
  to   space 10752K, 0% used [0x00000000f0a80000,0x00000000f0a80000,0x00000000f1500000)
 ParOldGen       total 34816K, used 22708K [0x00000000c1400000, 0x00000000c3600000, 0x00000000eb180000)
  object space 34816K, 65% used [0x00000000c1400000,0x00000000c2a2d150,0x00000000c3600000)
 Metaspace       used 33712K, capacity 35316K, committed 35496K, reserved 1079296K
  class space    used 4417K, capacity 4744K, committed 4864K, reserved 1048576K
Event: 16.594 GC heap after
Heap after GC invocations=12 (full 2):
 PSYoungGen      total 102400K, used 0K [0x00000000eb180000, 0x00000000f2100000, 0x0000000100000000)
  eden space 91136K, 0% used [0x00000000eb180000,0x00000000eb180000,0x00000000f0a80000)
  from space 11264K, 0% used [0x00000000f1500000,0x00000000f1500000,0x00000000f2000000)
  to   space 10752K, 0% used [0x00000000f0a80000,0x00000000f0a80000,0x00000000f1500000)
 ParOldGen       total 34816K, used 18458K [0x00000000c1400000, 0x00000000c3600000, 0x00000000eb180000)
  object space 34816K, 53% used [0x00000000c1400000,0x00000000c2606bf8,0x00000000c3600000)
 Metaspace       used 33712K, capacity 35316K, committed 35496K, reserved 1079296K
  class space    used 4417K, capacity 4744K, committed 4864K, reserved 1048576K
}

